<?xml version="1.0" encoding="UTF-8"?>
<coverage generated="1718960587815" clover="3.2.0">
  <project timestamp="1718960587815" name="All files">
    <metrics statements="5" coveredstatements="4" conditionals="6" coveredconditionals="5" methods="1" coveredmethods="1" elements="12" coveredelements="10" complexity="0" loc="5" ncloc="5" packages="1" files="1" classes="1"/>
    <file name="foo.js" path="C:\Users\cheng\Documents\Workspace\babel-plugin-transform-gl-matrix\src\foo.js">
      <metrics statements="5" coveredstatements="4" conditionals="6" coveredconditionals="5" methods="1" coveredmethods="1"/>
      <line num="2" count="2" type="cond" truecount="4" falsecount="0"/>
      <line num="3" count="1" type="stmt"/>
      <line num="4" count="1" type="cond" truecount="1" falsecount="1"/>
      <line num="5" count="0" type="stmt"/>
      <line num="7" count="1" type="stmt"/>
    </file>
  </project>
</coverage>
